#
# There is insufficient memory for the Java Runtime Environment to continue.
# Native memory allocation (mmap) failed to map 199229440 bytes for G1 virtual space
# Possible reasons:
#   The system is out of physical RAM or swap space
#   The process is running with CompressedOops enabled, and the Java Heap may be blocking the growth of the native heap
# Possible solutions:
#   Reduce memory load on the system
#   Increase physical memory or swap space
#   Check if swap backing store is full
#   Decrease Java heap size (-Xmx/-Xms)
#   Decrease number of Java threads
#   Decrease Java thread stack sizes (-Xss)
#   Set larger code cache with -XX:ReservedCodeCacheSize=
#   JVM is running with Zero Based Compressed Oops mode in which the Java heap is
#     placed in the first 32GB address space. The Java Heap base address is the
#     maximum limit for the native heap growth. Please use -XX:HeapBaseMinAddress
#     to set the Java Heap base and to place the Java Heap above 32GB virtual address.
# This output file may be truncated or incomplete.
#
#  Out of Memory Error (os_windows.cpp:3600), pid=24248, tid=8
#
# JRE version:  (21.0.2+13) (build )
# Java VM: Java HotSpot(TM) 64-Bit Server VM (21.0.2+13-LTS-58, mixed mode, sharing, tiered, compressed oops, compressed class ptrs, g1 gc, windows-amd64)
# No core dump will be written. Minidumps are not enabled by default on client versions of Windows
#

---------------  S U M M A R Y ------------

Command Line: -Dmaven.multiModuleProjectDirectory=D:\Code\Projects\learning-project\studyhub\services -Djansi.passthrough=true -Dmaven.home=D:\Tool&App\IntelliJ IDEA 2024.2.1\plugins\maven\lib\maven3 -Dclassworlds.conf=D:\Tool&App\IntelliJ IDEA 2024.2.1\plugins\maven\lib\maven3\bin\m2.conf -Dmaven.ext.class.path=D:\Tool&App\IntelliJ IDEA 2024.2.1\plugins\maven\lib\maven-event-listener.jar -javaagent:D:\Tool&App\IntelliJ IDEA 2024.2.1\lib\idea_rt.jar=54716:D:\Tool&App\IntelliJ IDEA 2024.2.1\bin -Dfile.encoding=UTF-8 -Dsun.stdout.encoding=UTF-8 -Dsun.stderr.encoding=UTF-8 org.codehaus.classworlds.Launcher -Didea.version=2024.2.1 clean install

Host: 11th Gen Intel(R) Core(TM) i5-1135G7 @ 2.40GHz, 8 cores, 11G,  Windows 11 , 64 bit Build 26100 (10.0.26100.7309)
Time: Thu Jan  8 23:40:45 2026 SE Asia Standard Time elapsed time: 2.057115 seconds (0d 0h 0m 2s)

---------------  T H R E A D  ---------------

Current thread (0x00000133051c62b0):  JavaThread "Unknown thread" [_thread_in_vm, id=8, stack(0x00000013ba100000,0x00000013ba200000) (1024K)]

Stack: [0x00000013ba100000,0x00000013ba200000]
Native frames: (J=compiled Java code, j=interpreted, Vv=VM code, C=native code)
V  [jvm.dll+0x6cade9]
V  [jvm.dll+0x8569c1]
V  [jvm.dll+0x858d2e]
V  [jvm.dll+0x859413]
V  [jvm.dll+0x280e56]
V  [jvm.dll+0x6c74d5]
V  [jvm.dll+0x6bbeca]
V  [jvm.dll+0x355bca]
V  [jvm.dll+0x35d816]
V  [jvm.dll+0x3ae67e]
V  [jvm.dll+0x3ae928]
V  [jvm.dll+0x3295dc]
V  [jvm.dll+0x32a16b]
V  [jvm.dll+0x81efa9]
V  [jvm.dll+0x3bba01]
V  [jvm.dll+0x807928]
V  [jvm.dll+0x44f50e]
V  [jvm.dll+0x450e11]
C  [jli.dll+0x52a3]
C  [ucrtbase.dll+0x37b0]
C  [KERNEL32.DLL+0x2e8d7]
C  [ntdll.dll+0x8c53c]


---------------  P R O C E S S  ---------------

Threads class SMR info:
_java_thread_list=0x00007ff9967abb88, length=0, elements={
}

Java Threads: ( => current thread )
Total: 0

Other Threads:
  0x00000133075b0e50 WorkerThread "GC Thread#0"                     [id=11732, stack(0x00000013ba200000,0x00000013ba300000) (1024K)]
  0x00000133075beff0 ConcurrentGCThread "G1 Main Marker"            [id=19996, stack(0x00000013ba300000,0x00000013ba400000) (1024K)]
  0x00000133075bfa00 WorkerThread "G1 Conc#0"                       [id=20940, stack(0x00000013ba400000,0x00000013ba500000) (1024K)]

[error occurred during error reporting (printing all threads), id 0xc0000005, EXCEPTION_ACCESS_VIOLATION (0xc0000005) at pc=0x00007ff995f1c6a7]
VM state: not at safepoint (not fully initialized)

VM Mutex/Monitor currently owned by a thread:  ([mutex/lock_event])
[0x00007ff99681ce68] Heap_lock - owner thread: 0x00000133051c62b0

Heap address: 0x0000000743600000, size: 3018 MB, Compressed Oops mode: Zero based, Oop shift amount: 3

CDS archive(s) mapped at: [0x0000000000000000-0x0000000000000000-0x0000000000000000), size 0, SharedBaseAddress: 0x0000000800000000, ArchiveRelocationMode: 1.
Narrow klass base: 0x0000000000000000, Narrow klass shift: 0, Narrow klass range: 0x0

GC Precious Log:
 CardTable entry size: 512
 Card Set container configuration: InlinePtr #cards 4 size 8 Array Of Cards #cards 16 size 48 Howl #buckets 8 coarsen threshold 3686 Howl Bitmap #cards 512 size 80 coarsen threshold 460 Card regions per heap region 1 cards per card region 4096

Heap:
 garbage-first heap   total 0K, used 0K [0x0000000743600000, 0x0000000800000000)
  region size 2048K, 0 young (0K), 0 survivors (0K)

[error occurred during error reporting (printing heap information), id 0xc0000005, EXCEPTION_ACCESS_VIOLATION (0xc0000005) at pc=0x00007ff9963039f9]
GC Heap History (0 events):
No events

Dll operation events (1 events):
Event: 0.027 Loaded shared library C:\Program Files\Java\jdk-21\bin\java.dll

Deoptimization events (0 events):
No events

Classes loaded (0 events):
No events

Classes unloaded (0 events):
No events

Classes redefined (0 events):
No events

Internal exceptions (0 events):
No events

ZGC Phase Switch (0 events):
No events

VM Operations (0 events):
No events

Events (0 events):
No events


Dynamic libraries:
0x00007ff61aca0000 - 0x00007ff61acb0000 	C:\Program Files\Java\jdk-21\bin\java.exe
0x00007ffa08d40000 - 0x00007ffa08fa7000 	C:\WINDOWS\SYSTEM32\ntdll.dll
0x00007ffa07c10000 - 0x00007ffa07cd9000 	C:\WINDOWS\System32\KERNEL32.DLL
0x00007ffa063f0000 - 0x00007ffa067df000 	C:\WINDOWS\System32\KERNELBASE.dll
0x00007ffa062a0000 - 0x00007ffa063eb000 	C:\WINDOWS\System32\ucrtbase.dll
0x00007ff996f00000 - 0x00007ff996f1b000 	C:\Program Files\Java\jdk-21\bin\VCRUNTIME140.dll
0x00007ff999e20000 - 0x00007ff999e39000 	C:\Program Files\Java\jdk-21\bin\jli.dll
0x00007ffa06ce0000 - 0x00007ffa06d94000 	C:\WINDOWS\System32\ADVAPI32.dll
0x00007ffa07f60000 - 0x00007ffa08009000 	C:\WINDOWS\System32\msvcrt.dll
0x00007ffa07ce0000 - 0x00007ffa07d86000 	C:\WINDOWS\System32\sechost.dll
0x00007ffa086f0000 - 0x00007ffa08808000 	C:\WINDOWS\System32\RPCRT4.dll
0x00007ffa07d90000 - 0x00007ffa07f55000 	C:\WINDOWS\System32\USER32.dll
0x00007ffa061e0000 - 0x00007ffa06207000 	C:\WINDOWS\System32\win32u.dll
0x00007ffa08010000 - 0x00007ffa0803b000 	C:\WINDOWS\System32\GDI32.dll
0x00007ffa060b0000 - 0x00007ffa061dc000 	C:\WINDOWS\System32\gdi32full.dll
0x00007ffa06000000 - 0x00007ffa060a3000 	C:\WINDOWS\System32\msvcp_win.dll
0x00007ff9ec510000 - 0x00007ff9ec7a3000 	C:\WINDOWS\WinSxS\amd64_microsoft.windows.common-controls_6595b64144ccf1df_6.0.26100.7309_none_3e05feeae336a044\COMCTL32.dll
0x00007ffa049d0000 - 0x00007ffa049db000 	C:\WINDOWS\SYSTEM32\VERSION.dll
0x00007ffa07240000 - 0x00007ffa07271000 	C:\WINDOWS\System32\IMM32.DLL
0x00007ff9f5a60000 - 0x00007ff9f5a6c000 	C:\Program Files\Java\jdk-21\bin\vcruntime140_1.dll
0x00007ff996e30000 - 0x00007ff996ebe000 	C:\Program Files\Java\jdk-21\bin\msvcp140.dll
0x00007ff995be0000 - 0x00007ff9968f7000 	C:\Program Files\Java\jdk-21\bin\server\jvm.dll
0x00007ffa06da0000 - 0x00007ffa06e14000 	C:\WINDOWS\System32\WS2_32.dll
0x00007ffa05380000 - 0x00007ffa053de000 	C:\WINDOWS\SYSTEM32\POWRPROF.dll
0x00007ff9e7d00000 - 0x00007ff9e7d35000 	C:\WINDOWS\SYSTEM32\WINMM.dll
0x00007ffa05360000 - 0x00007ffa05374000 	C:\WINDOWS\SYSTEM32\UMPDC.dll
0x00007ffa04cb0000 - 0x00007ffa04ccb000 	C:\WINDOWS\SYSTEM32\kernel.appcore.dll
0x00007ff9f59b0000 - 0x00007ff9f59ba000 	C:\Program Files\Java\jdk-21\bin\jimage.dll
0x00007ffa032c0000 - 0x00007ffa03502000 	C:\WINDOWS\SYSTEM32\DBGHELP.DLL
0x00007ffa06ea0000 - 0x00007ffa07225000 	C:\WINDOWS\System32\combase.dll
0x00007ffa084f0000 - 0x00007ffa085c6000 	C:\WINDOWS\System32\OLEAUT32.dll
0x00007ff9f23f0000 - 0x00007ff9f242c000 	C:\WINDOWS\SYSTEM32\dbgcore.DLL
0x00007ffa06970000 - 0x00007ffa06a15000 	C:\WINDOWS\System32\bcryptPrimitives.dll
0x00007ff9ffe40000 - 0x00007ff9ffe4f000 	C:\Program Files\Java\jdk-21\bin\instrument.dll
0x00007ff996e10000 - 0x00007ff996e2f000 	C:\Program Files\Java\jdk-21\bin\java.dll

dbghelp: loaded successfully - version: 4.0.5 - missing functions: none
symbol engine: initialized successfully - sym options: 0x614 - pdb path: .;C:\Program Files\Java\jdk-21\bin;C:\WINDOWS\SYSTEM32;C:\WINDOWS\WinSxS\amd64_microsoft.windows.common-controls_6595b64144ccf1df_6.0.26100.7309_none_3e05feeae336a044;C:\Program Files\Java\jdk-21\bin\server

VM Arguments:
jvm_args: -Dmaven.multiModuleProjectDirectory=D:\Code\Projects\learning-project\studyhub\services -Djansi.passthrough=true -Dmaven.home=D:\Tool&App\IntelliJ IDEA 2024.2.1\plugins\maven\lib\maven3 -Dclassworlds.conf=D:\Tool&App\IntelliJ IDEA 2024.2.1\plugins\maven\lib\maven3\bin\m2.conf -Dmaven.ext.class.path=D:\Tool&App\IntelliJ IDEA 2024.2.1\plugins\maven\lib\maven-event-listener.jar -javaagent:D:\Tool&App\IntelliJ IDEA 2024.2.1\lib\idea_rt.jar=54716:D:\Tool&App\IntelliJ IDEA 2024.2.1\bin -Dfile.encoding=UTF-8 -Dsun.stdout.encoding=UTF-8 -Dsun.stderr.encoding=UTF-8 
java_command: org.codehaus.classworlds.Launcher -Didea.version=2024.2.1 clean install
java_class_path (initial): D:\Tool&App\IntelliJ IDEA 2024.2.1\plugins\maven\lib\maven3\boot\plexus-classworlds-2.8.0.jar;D:\Tool&App\IntelliJ IDEA 2024.2.1\plugins\maven\lib\maven3\boot\plexus-classworlds.license
Launcher Type: SUN_STANDARD

[Global flags]
     intx CICompilerCount                          = 4                                         {product} {ergonomic}
     uint ConcGCThreads                            = 2                                         {product} {ergonomic}
     uint G1ConcRefinementThreads                  = 8                                         {product} {ergonomic}
   size_t G1HeapRegionSize                         = 2097152                                   {product} {ergonomic}
    uintx GCDrainStackTargetSize                   = 64                                        {product} {ergonomic}
   size_t InitialHeapSize                          = 199229440                                 {product} {ergonomic}
   size_t MarkStackSize                            = 4194304                                   {product} {ergonomic}
   size_t MaxHeapSize                              = 3164602368                                {product} {ergonomic}
   size_t MinHeapDeltaBytes                        = 2097152                                   {product} {ergonomic}
   size_t MinHeapSize                              = 8388608                                   {product} {ergonomic}
    uintx NonNMethodCodeHeapSize                   = 5839372                                {pd product} {ergonomic}
    uintx NonProfiledCodeHeapSize                  = 122909434                              {pd product} {ergonomic}
    uintx ProfiledCodeHeapSize                     = 122909434                              {pd product} {ergonomic}
    uintx ReservedCodeCacheSize                    = 251658240                              {pd product} {ergonomic}
     bool SegmentedCodeCache                       = true                                      {product} {ergonomic}
   size_t SoftMaxHeapSize                          = 3164602368                             {manageable} {ergonomic}
     bool UseCompressedOops                        = true                           {product lp64_product} {ergonomic}
     bool UseG1GC                                  = true                                      {product} {ergonomic}
     bool UseLargePagesIndividualAllocation        = false                                  {pd product} {ergonomic}

Logging:
Log output configuration:
 #0: stdout all=warning uptime,level,tags foldmultilines=false
 #1: stderr all=off uptime,level,tags foldmultilines=false

Environment Variables:
JAVA_HOME=C:\Program Files\Java\jdk-21
PATH=C:\Program Files\Common Files\Oracle\Java\javapath;C:\Program Files (x86)\Common Files\Oracle\Java\javapath;C:\WINDOWS\system32;C:\WINDOWS;C:\WINDOWS\System32\Wbem;C:\WINDOWS\System32\WindowsPowerShell\v1.0\;C:\WINDOWS\System32\OpenSSH\;c:\users\acer\appdata\roaming\python\python310\site-packages;C:\Program Files\Git\cmd;C:\Program Files\Git\bin;C:\Users\Acer\AppData\Roaming\Python\Python310\Scripts;C:\Users\Acer\PycharmProjects\pythonProject\venv\Lib;C:\Program Files\CodeBlocks\MinGW\bin;C:\Program Files\Java\jdk-21\bin;C:\Program Files\Java\apache-maven-3.9.6\bin;C:\Program Files\Docker\Docker\resources\bin;C:\msys64\ucrt64\bin;C:\ProgramData\chocolatey\bin;D:\Tool&App\CMake\bin;C:\Users\Acer\AppData\Roaming\nvm;C:\Program Files\nodejs;C:\Program Files\dotnet\;C:\Users\Acer\.local\bin;C:\Users\Acer\.local\bin;C:\Users\Acer\AppData\Local\Programs\Python\Python312\Scripts\;C:\Users\Acer\AppData\Local\Programs\Python\Python312\;C:\WINDOWS\system32\config\systemprofile\AppData\Local\Microsoft\WindowsApps;c:\users\acer\appdata\roaming\python\python310\site-packages;C:\Users\Acer\PycharmProjects\pythonProject\venv\Lib;C:\Program Files\Azure Data Studio\bin;C:\Program Files\Java\jdk-11\bin;C:\Program Files\Java\jdk-1.8\bin;D:\XAMPP\mysql\bin;D:\Graphviz\bin;C:\Users\Acer\PycharmProjects\pythonProject\venv\lib\site-packages\selenium\webdriver\common\windows\selenium-manager.exe;C:\Program Files\Java\jdk-21\bin;D:\Tool&App\ffmpeg-2024-08-18-git-7e5410eadb-essentials_build\ffmpeg-2024-08-18-git-7e5410eadb-essentials_build\bin;C:\Program Files\Java\jdk-17\bin;D:\Tool&App\IntelliJ IDEA 2024.2.1\bin;;D:\msys2\ucrt64\bin;D:\Tool&App\Microsoft VS Code\bin;C:\Users\Acer\AppData\Roaming\nvm;C:\Program Files\nodejs;D:\Tool&App\MiKTeX\miktex\bin\x64\;D:\Downloads\sonar-scanner-cli-7.1.0.4889-windows-x64\sonar-scanner-7.1.0.4889-windows-x64\bin;D:\Tool&App\Lens\resources\cli\bin;C:\Users\Acer\.local\bin;;C:\Users\Acer\AppData\Roaming\pypoetry\venv\Scripts;D:\Tool&App\Antigravity\bin
USERNAME=Acer
OS=Windows_NT
PROCESSOR_IDENTIFIER=Intel64 Family 6 Model 140 Stepping 1, GenuineIntel
TMP=C:\Users\Acer\AppData\Local\Temp
TEMP=C:\Users\Acer\AppData\Local\Temp




Periodic native trim disabled

---------------  S Y S T E M  ---------------

OS:
 Windows 11 , 64 bit Build 26100 (10.0.26100.7309)
OS uptime: 0 days 0:58 hours
Hyper-V role detected

CPU: total 8 (initial active 8) (4 cores per cpu, 2 threads per core) family 6 model 140 stepping 1 microcode 0x8a, cx8, cmov, fxsr, ht, mmx, 3dnowpref, sse, sse2, sse3, ssse3, sse4.1, sse4.2, popcnt, lzcnt, tsc, tscinvbit, avx, avx2, aes, erms, clmul, bmi1, bmi2, adx, avx512f, avx512dq, avx512cd, avx512bw, avx512vl, sha, fma, vzeroupper, avx512_vpopcntdq, avx512_vpclmulqdq, avx512_vaes, avx512_vnni, clflush, clflushopt, clwb, avx512_vbmi2, avx512_vbmi, hv, rdtscp, rdpid, fsrm, gfni, avx512_bitalg, f16c, cet_ibt, cet_ss, avx512_ifma
Processor Information for all 8 processors :
  Max Mhz: 2419, Current Mhz: 2419, Mhz Limit: 2419

Memory: 4k page, system-wide physical 12067M (526M free)
TotalPageFile size 35452M (AvailPageFile size 118M)
current process WorkingSet (physical memory assigned to process): 12M, peak: 12M
current process commit charge ("private bytes"): 60M, peak: 250M

vm_info: Java HotSpot(TM) 64-Bit Server VM (21.0.2+13-LTS-58) for windows-amd64 JRE (21.0.2+13-LTS-58), built on 2024-01-05T18:32:24Z by "mach5one" with MS VC++ 17.1 (VS2022)

END.
